05:34:56 PM: DEBUG [logger_base.py: 12] Mensaje a nivel debug
05:34:56 PM: INFO [logger_base.py: 13] Mensaje a nivel info
05:34:56 PM: WARNING [logger_base.py: 14] Mensaje a nivel warning
05:34:56 PM: ERROR [logger_base.py: 15] Mensaje a nivel error
05:34:56 PM: CRITICAL [logger_base.py: 16] Mensaje a nivel critical
12:54:44 PM: DEBUG [persona.py: 53] 
Id Persona: 1
Nombre: Juan
Apellido: Perez
Email: jperez@mail.com

12:57:11 PM: DEBUG [persona.py: 53] 
    Id Persona: 1
    Nombre: Juan
    Apellido: Perez
    Email: jperez@mail.com

12:59:43 PM: DEBUG [persona.py: 53] 
    Id Persona: 1
    Nombre: Juan
    Apellido: Perez
    Email: jperez@mail.com

01:00:34 PM: DEBUG [persona.py: 53] 
    Id Persona: 1
    Nombre: Juan
    Apellido: Perez
    Email: jperez@mail.com

01:00:34 PM: DEBUG [persona.py: 57] 
    Id Persona: Juan
    Nombre: Perez
    Apellido: jperez@mail.com
    Email: None

01:00:58 PM: DEBUG [persona.py: 53] 
    Id Persona: 1
    Nombre: Juan
    Apellido: Perez
    Email: jperez@mail.com

01:00:58 PM: DEBUG [persona.py: 57] 
    Id Persona: None
    Nombre: Juan
    Apellido: Perez
    Email: jperez@mail.com

01:19:19 PM: DEBUG [persona.py: 53] 
    Id Persona: 1
    Nombre: Juan
    Apellido: Perez
    Email: jperez@mail.com

01:19:19 PM: CRITICAL [persona.py: 57] 
    Id Persona: None
    Nombre: Juan
    Apellido: Perez
    Email: jperez@mail.com

01:19:27 PM: DEBUG [persona.py: 53] 
    Id Persona: 1
    Nombre: Juan
    Apellido: Perez
    Email: jperez@mail.com

01:19:27 PM: DEBUG [persona.py: 57] 
    Id Persona: None
    Nombre: Juan
    Apellido: Perez
    Email: jperez@mail.com

01:21:37 PM: DEBUG [persona.py: 54] 
    Id Persona: 1
    Nombre: Juan
    Apellido: Perez
    Email: jperez@mail.com

01:21:37 PM: DEBUG [persona.py: 58] 
    Id Persona: None
    Nombre: Juan
    Apellido: Perez
    Email: jperez@mail.com

01:21:37 PM: DEBUG [persona.py: 62] 
    Id Persona: 1
    Nombre: None
    Apellido: None
    Email: None

02:06:57 PM: DEBUG [conexion.py: 24] Conexión exitosa: <connection object at 0x0000020419170260; dsn: 'user=postgres password=xxx dbname=test_db host=127.0.0.1 port=5432', closed: 0>
02:27:26 PM: ERROR [conexion.py: 28] Ocurrió una excepción al obtener la conexión: 
02:27:31 PM: DEBUG [conexion.py: 24] Conexión exitosa: <connection object at 0x000001CAFB290260; dsn: 'user=postgres password=xxx dbname=test_db host=127.0.0.1 port=5432', closed: 0>
02:27:57 PM: DEBUG [conexion.py: 24] Conexión exitosa: <connection object at 0x000002927DFF0260; dsn: 'user=postgres password=xxx dbname=test_db host=127.0.0.1 port=5432', closed: 0>
02:27:57 PM: DEBUG [conexion.py: 39] Se abrió correctamente el cursor: <cursor object at 0x000002927DF8FD80; closed: 0>
02:48:07 PM: DEBUG [conexion.py: 24] Conexión exitosa: <connection object at 0x000001A811443EF0; dsn: 'user=postgres password=xxx dbname=test_db host=127.0.0.1 port=5432', closed: 0>
02:48:34 PM: DEBUG [conexion.py: 24] Conexión exitosa: <connection object at 0x000001C999513EF0; dsn: 'user=postgres password=xxx dbname=test_db host=127.0.0.1 port=5432', closed: 0>
02:49:12 PM: DEBUG [conexion.py: 24] Conexión exitosa: <connection object at 0x000001F447D43EF0; dsn: 'user=postgres password=xxx dbname=test_db host=127.0.0.1 port=5432', closed: 0>
02:49:12 PM: DEBUG [conexion.py: 39] Se abrió correctamente el cursor: <cursor object at 0x000001F44802FE60; closed: 0>
02:49:53 PM: DEBUG [conexion.py: 24] Conexión exitosa: <connection object at 0x000001AB4D393EF0; dsn: 'user=postgres password=xxx dbname=test_db host=127.0.0.1 port=5432', closed: 0>
02:49:53 PM: DEBUG [conexion.py: 39] Se abrió correctamente el cursor: <cursor object at 0x000001AB4D67FE60; closed: 0>
02:49:53 PM: DEBUG [persona_dao.py: 35] 
    Id Persona: 1
    Nombre: Juan
    Apellido: Perez
    Email: jperez@mail.com

02:49:53 PM: DEBUG [persona_dao.py: 35] 
    Id Persona: 2
    Nombre: Ivonne
    Apellido: Gutierrez
    Email: igutierrez@mail.com

02:49:53 PM: DEBUG [persona_dao.py: 35] 
    Id Persona: 10
    Nombre: Maria
    Apellido: Esparza
    Email: mesparza@mail.com

02:49:53 PM: DEBUG [persona_dao.py: 35] 
    Id Persona: 14
    Nombre: Carlos
    Apellido: Lara
    Email: clara@mail.com

02:49:53 PM: DEBUG [persona_dao.py: 35] 
    Id Persona: 15
    Nombre: Alex
    Apellido: Rojas
    Email: arojas@mail.com

04:32:04 PM: DEBUG [conexion.py: 24] Conexión exitosa: <connection object at 0x000002518ABE4370; dsn: 'user=postgres password=xxx dbname=test_db host=127.0.0.1 port=5432', closed: 0>
04:32:04 PM: DEBUG [persona_dao.py: 37] Persona a insertar: 
    Id Persona: None
    Nombre: Pedro
    Apellido: Najera
    Email: pnajera@mail.com

04:32:04 PM: DEBUG [persona_dao.py: 46] Personas insertadas: 1
04:32:04 PM: DEBUG [conexion.py: 39] Se abrió correctamente el cursor: <cursor object at 0x000002518AB7FD80; closed: 0>
04:32:04 PM: DEBUG [persona_dao.py: 50] 
    Id Persona: 1
    Nombre: Juan
    Apellido: Perez
    Email: jperez@mail.com

04:32:04 PM: DEBUG [persona_dao.py: 50] 
    Id Persona: 2
    Nombre: Ivonne
    Apellido: Gutierrez
    Email: igutierrez@mail.com

04:32:04 PM: DEBUG [persona_dao.py: 50] 
    Id Persona: 10
    Nombre: Maria
    Apellido: Esparza
    Email: mesparza@mail.com

04:32:04 PM: DEBUG [persona_dao.py: 50] 
    Id Persona: 14
    Nombre: Carlos
    Apellido: Lara
    Email: clara@mail.com

04:32:04 PM: DEBUG [persona_dao.py: 50] 
    Id Persona: 15
    Nombre: Alex
    Apellido: Rojas
    Email: arojas@mail.com

04:32:04 PM: DEBUG [persona_dao.py: 50] 
    Id Persona: 16
    Nombre: Pedro
    Apellido: Najera
    Email: pnajera@mail.com

04:46:41 PM: DEBUG [conexion.py: 24] Conexión exitosa: <connection object at 0x000001DB53AC4260; dsn: 'user=postgres password=xxx dbname=test_db host=127.0.0.1 port=5432', closed: 0>
04:46:41 PM: DEBUG [conexion.py: 39] Se abrió correctamente el cursor: <cursor object at 0x000001DB53A63D80; closed: 0>
04:46:41 PM: DEBUG [persona_dao.py: 47] Persona actualizada: 
    Id Persona: 1
    Nombre: Juan Carlos
    Apellido: Juarez
    Email: jcjuarez@mail.com

04:46:41 PM: DEBUG [persona_dao.py: 61] Personas actualizadas: 1
04:47:47 PM: DEBUG [conexion.py: 24] Conexión exitosa: <connection object at 0x000002170DE24260; dsn: 'user=postgres password=xxx dbname=test_db host=127.0.0.1 port=5432', closed: 0>
04:47:47 PM: DEBUG [conexion.py: 39] Se abrió correctamente el cursor: <cursor object at 0x000002170DDC3D80; closed: 0>
04:47:47 PM: DEBUG [persona_dao.py: 48] Persona actualizada: 
    Id Persona: 1
    Nombre: Juan Carlos
    Apellido: Juarez
    Email: jcjuarez@mail.com

04:47:47 PM: DEBUG [persona_dao.py: 62] Personas actualizadas: 1
04:47:47 PM: DEBUG [persona_dao.py: 67] 
    Id Persona: 1
    Nombre: Juan Carlos
    Apellido: Juarez
    Email: jcjuarez@mail.com

04:47:47 PM: DEBUG [persona_dao.py: 67] 
    Id Persona: 2
    Nombre: Ivonne
    Apellido: Gutierrez
    Email: igutierrez@mail.com

04:47:47 PM: DEBUG [persona_dao.py: 67] 
    Id Persona: 10
    Nombre: Maria
    Apellido: Esparza
    Email: mesparza@mail.com

04:47:47 PM: DEBUG [persona_dao.py: 67] 
    Id Persona: 14
    Nombre: Carlos
    Apellido: Lara
    Email: clara@mail.com

04:47:47 PM: DEBUG [persona_dao.py: 67] 
    Id Persona: 15
    Nombre: Alex
    Apellido: Rojas
    Email: arojas@mail.com

04:47:47 PM: DEBUG [persona_dao.py: 67] 
    Id Persona: 16
    Nombre: Pedro
    Apellido: Najera
    Email: pnajera@mail.com

04:52:10 PM: DEBUG [conexion.py: 24] Conexión exitosa: <connection object at 0x000001C30EB88260; dsn: 'user=postgres password=xxx dbname=test_db host=127.0.0.1 port=5432', closed: 0>
04:52:10 PM: DEBUG [conexion.py: 39] Se abrió correctamente el cursor: <cursor object at 0x000001C30EB23D80; closed: 0>
04:52:10 PM: DEBUG [persona_dao.py: 58] Objeto eliminado: 
    Id Persona: 16
    Nombre: None
    Apellido: None
    Email: None

04:52:10 PM: DEBUG [persona_dao.py: 77] Personas eliminadas: 1
04:52:10 PM: DEBUG [persona_dao.py: 82] 
    Id Persona: 1
    Nombre: Juan Carlos
    Apellido: Juarez
    Email: jcjuarez@mail.com

04:52:10 PM: DEBUG [persona_dao.py: 82] 
    Id Persona: 2
    Nombre: Ivonne
    Apellido: Gutierrez
    Email: igutierrez@mail.com

04:52:10 PM: DEBUG [persona_dao.py: 82] 
    Id Persona: 10
    Nombre: Maria
    Apellido: Esparza
    Email: mesparza@mail.com

04:52:10 PM: DEBUG [persona_dao.py: 82] 
    Id Persona: 14
    Nombre: Carlos
    Apellido: Lara
    Email: clara@mail.com

04:52:10 PM: DEBUG [persona_dao.py: 82] 
    Id Persona: 15
    Nombre: Alex
    Apellido: Rojas
    Email: arojas@mail.com

04:54:00 PM: DEBUG [conexion.py: 24] Conexión exitosa: <connection object at 0x000001E37E7A3EF0; dsn: 'user=postgres password=xxx dbname=test_db host=127.0.0.1 port=5432', closed: 0>
04:54:00 PM: DEBUG [persona_dao.py: 82] 
    Id Persona: 1
    Nombre: Juan Carlos
    Apellido: Juarez
    Email: jcjuarez@mail.com

04:54:00 PM: DEBUG [persona_dao.py: 82] 
    Id Persona: 2
    Nombre: Ivonne
    Apellido: Gutierrez
    Email: igutierrez@mail.com

04:54:00 PM: DEBUG [persona_dao.py: 82] 
    Id Persona: 10
    Nombre: Maria
    Apellido: Esparza
    Email: mesparza@mail.com

04:54:00 PM: DEBUG [persona_dao.py: 82] 
    Id Persona: 14
    Nombre: Carlos
    Apellido: Lara
    Email: clara@mail.com

04:54:00 PM: DEBUG [persona_dao.py: 82] 
    Id Persona: 15
    Nombre: Alex
    Apellido: Rojas
    Email: arojas@mail.com

05:14:08 PM: DEBUG [conexion.py: 27] Creación del pool exitosa: <psycopg2.pool.SimpleConnectionPool object at 0x00000167654C47D0>
05:14:08 PM: DEBUG [conexion.py: 39] Conexión obtenida del pool: <connection object at 0x0000016765550150; dsn: 'user=postgres password=xxx dbname=test_db host=127.0.0.1 port=5432', closed: 0>
05:14:08 PM: DEBUG [conexion.py: 39] Conexión obtenida del pool: <connection object at 0x0000016765553780; dsn: 'user=postgres password=xxx dbname=test_db host=127.0.0.1 port=5432', closed: 0>
05:15:29 PM: DEBUG [conexion.py: 27] Creación del pool exitosa: <psycopg2.pool.SimpleConnectionPool object at 0x00000255D9914890>
05:15:29 PM: DEBUG [conexion.py: 39] Conexión obtenida del pool: <connection object at 0x00000255D99A0150; dsn: 'user=postgres password=xxx dbname=test_db host=127.0.0.1 port=5432', closed: 0>
05:15:29 PM: DEBUG [conexion.py: 39] Conexión obtenida del pool: <connection object at 0x00000255D99A3780; dsn: 'user=postgres password=xxx dbname=test_db host=127.0.0.1 port=5432', closed: 0>
05:15:29 PM: DEBUG [conexion.py: 39] Conexión obtenida del pool: <connection object at 0x00000255D99A3890; dsn: 'user=postgres password=xxx dbname=test_db host=127.0.0.1 port=5432', closed: 0>
05:15:29 PM: DEBUG [conexion.py: 39] Conexión obtenida del pool: <connection object at 0x00000255D99A39A0; dsn: 'user=postgres password=xxx dbname=test_db host=127.0.0.1 port=5432', closed: 0>
05:15:30 PM: DEBUG [conexion.py: 39] Conexión obtenida del pool: <connection object at 0x00000255D99A3AB0; dsn: 'user=postgres password=xxx dbname=test_db host=127.0.0.1 port=5432', closed: 0>
05:16:08 PM: DEBUG [conexion.py: 27] Creación del pool exitosa: <psycopg2.pool.SimpleConnectionPool object at 0x00000182F68448D0>
05:16:08 PM: DEBUG [conexion.py: 39] Conexión obtenida del pool: <connection object at 0x00000182F68D4150; dsn: 'user=postgres password=xxx dbname=test_db host=127.0.0.1 port=5432', closed: 0>
05:16:08 PM: DEBUG [conexion.py: 39] Conexión obtenida del pool: <connection object at 0x00000182F68D7780; dsn: 'user=postgres password=xxx dbname=test_db host=127.0.0.1 port=5432', closed: 0>
05:16:08 PM: DEBUG [conexion.py: 39] Conexión obtenida del pool: <connection object at 0x00000182F68D7890; dsn: 'user=postgres password=xxx dbname=test_db host=127.0.0.1 port=5432', closed: 0>
05:16:08 PM: DEBUG [conexion.py: 39] Conexión obtenida del pool: <connection object at 0x00000182F68D79A0; dsn: 'user=postgres password=xxx dbname=test_db host=127.0.0.1 port=5432', closed: 0>
05:16:09 PM: DEBUG [conexion.py: 39] Conexión obtenida del pool: <connection object at 0x00000182F68D7AB0; dsn: 'user=postgres password=xxx dbname=test_db host=127.0.0.1 port=5432', closed: 0>
10:35:37 AM: DEBUG [conexion.py: 27] Creación del pool exitosa: <psycopg2.pool.SimpleConnectionPool object at 0x0000023718678490>
10:35:37 AM: DEBUG [conexion.py: 39] Conexión obtenida del pool: <connection object at 0x000002371860B780; dsn: 'user=postgres password=xxx dbname=test_db host=127.0.0.1 port=5432', closed: 0>
10:35:37 AM: DEBUG [conexion.py: 45] Regresamos la conexión al pool: <connection object at 0x000002371860B780; dsn: 'user=postgres password=xxx dbname=test_db host=127.0.0.1 port=5432', closed: 0>
10:35:37 AM: DEBUG [conexion.py: 39] Conexión obtenida del pool: <connection object at 0x000002371860B780; dsn: 'user=postgres password=xxx dbname=test_db host=127.0.0.1 port=5432', closed: 0>
10:37:39 AM: DEBUG [conexion.py: 27] Creación del pool exitosa: <psycopg2.pool.SimpleConnectionPool object at 0x00000253AAD28310>
10:37:39 AM: DEBUG [conexion.py: 39] Conexión obtenida del pool: <connection object at 0x00000253AACBB780; dsn: 'user=postgres password=xxx dbname=test_db host=127.0.0.1 port=5432', closed: 0>
10:37:39 AM: DEBUG [conexion.py: 45] Regresamos la conexión al pool: <connection object at 0x00000253AACBB780; dsn: 'user=postgres password=xxx dbname=test_db host=127.0.0.1 port=5432', closed: 0>
10:37:39 AM: DEBUG [conexion.py: 39] Conexión obtenida del pool: <connection object at 0x00000253AACBB780; dsn: 'user=postgres password=xxx dbname=test_db host=127.0.0.1 port=5432', closed: 0>
10:37:39 AM: DEBUG [conexion.py: 39] Conexión obtenida del pool: <connection object at 0x00000253AACBB890; dsn: 'user=postgres password=xxx dbname=test_db host=127.0.0.1 port=5432', closed: 0>
10:37:39 AM: DEBUG [conexion.py: 39] Conexión obtenida del pool: <connection object at 0x00000253AACBB9A0; dsn: 'user=postgres password=xxx dbname=test_db host=127.0.0.1 port=5432', closed: 0>
10:37:39 AM: DEBUG [conexion.py: 39] Conexión obtenida del pool: <connection object at 0x00000253AACBBAB0; dsn: 'user=postgres password=xxx dbname=test_db host=127.0.0.1 port=5432', closed: 0>
10:38:21 AM: DEBUG [conexion.py: 27] Creación del pool exitosa: <psycopg2.pool.SimpleConnectionPool object at 0x0000019D20904310>
10:38:21 AM: DEBUG [conexion.py: 39] Conexión obtenida del pool: <connection object at 0x0000019D2089B780; dsn: 'user=postgres password=xxx dbname=test_db host=127.0.0.1 port=5432', closed: 0>
10:38:21 AM: DEBUG [conexion.py: 45] Regresamos la conexión al pool: <connection object at 0x0000019D2089B780; dsn: 'user=postgres password=xxx dbname=test_db host=127.0.0.1 port=5432', closed: 0>
10:38:21 AM: DEBUG [conexion.py: 39] Conexión obtenida del pool: <connection object at 0x0000019D2089B780; dsn: 'user=postgres password=xxx dbname=test_db host=127.0.0.1 port=5432', closed: 0>
10:38:21 AM: DEBUG [conexion.py: 39] Conexión obtenida del pool: <connection object at 0x0000019D2089B890; dsn: 'user=postgres password=xxx dbname=test_db host=127.0.0.1 port=5432', closed: 0>
10:38:21 AM: DEBUG [conexion.py: 45] Regresamos la conexión al pool: <connection object at 0x0000019D2089B890; dsn: 'user=postgres password=xxx dbname=test_db host=127.0.0.1 port=5432', closed: 0>
10:38:21 AM: DEBUG [conexion.py: 39] Conexión obtenida del pool: <connection object at 0x0000019D2089B890; dsn: 'user=postgres password=xxx dbname=test_db host=127.0.0.1 port=5432', closed: 0>
10:38:21 AM: DEBUG [conexion.py: 39] Conexión obtenida del pool: <connection object at 0x0000019D2089B9A0; dsn: 'user=postgres password=xxx dbname=test_db host=127.0.0.1 port=5432', closed: 0>
10:38:21 AM: DEBUG [conexion.py: 45] Regresamos la conexión al pool: <connection object at 0x0000019D2089B9A0; dsn: 'user=postgres password=xxx dbname=test_db host=127.0.0.1 port=5432', closed: 0>
10:38:21 AM: DEBUG [conexion.py: 39] Conexión obtenida del pool: <connection object at 0x0000019D2089B9A0; dsn: 'user=postgres password=xxx dbname=test_db host=127.0.0.1 port=5432', closed: 0>
10:58:53 AM: DEBUG [cursor_del_pool.py: 11] Inicio del método with __enter__
10:58:53 AM: DEBUG [conexion.py: 27] Creación del pool exitosa: <psycopg2.pool.SimpleConnectionPool object at 0x000001F3CD03EF10>
10:58:53 AM: DEBUG [conexion.py: 39] Conexión obtenida del pool: <connection object at 0x000001F3CEC93890; dsn: 'user=postgres password=xxx dbname=test_db host=127.0.0.1 port=5432', closed: 0>
10:58:53 AM: DEBUG [cursor_del_pool.py: 32] Dentro del bloque with
10:58:54 AM: DEBUG [cursor_del_pool.py: 34] [(2, 'Ivonne', 'Gutierrez', 'igutierrez@mail.com'), (10, 'Maria', 'Esparza', 'mesparza@mail.com'), (14, 'Carlos', 'Lara', 'clara@mail.com'), (15, 'Alex', 'Rojas', 'arojas@mail.com'), (1, 'Juan Carlos', 'Juarez', 'jcjuarez@mail.com')]
10:58:54 AM: DEBUG [cursor_del_pool.py: 17] Se ejecuta método __exit__
10:58:54 AM: DEBUG [cursor_del_pool.py: 24] Commit de la transacción
10:58:54 AM: DEBUG [conexion.py: 45] Regresamos la conexión al pool: <connection object at 0x000001F3CEC93890; dsn: 'user=postgres password=xxx dbname=test_db host=127.0.0.1 port=5432', closed: 0>
11:26:00 AM: DEBUG [cursor_del_pool.py: 11] Inicio del método with __enter__
11:26:00 AM: DEBUG [conexion.py: 27] Creación del pool exitosa: <psycopg2.pool.SimpleConnectionPool object at 0x0000021666E4AC50>
11:26:00 AM: DEBUG [conexion.py: 39] Conexión obtenida del pool: <connection object at 0x0000021668753670; dsn: 'user=postgres password=xxx dbname=test_db host=127.0.0.1 port=5432', closed: 0>
11:26:00 AM: DEBUG [cursor_del_pool.py: 17] Se ejecuta método __exit__
11:26:00 AM: DEBUG [cursor_del_pool.py: 24] Commit de la transacción
11:26:00 AM: DEBUG [conexion.py: 45] Regresamos la conexión al pool: <connection object at 0x0000021668753670; dsn: 'user=postgres password=xxx dbname=test_db host=127.0.0.1 port=5432', closed: 0>
11:26:00 AM: DEBUG [persona_dao.py: 78] 
    Id Persona: 1
    Nombre: Juan Carlos
    Apellido: Juarez
    Email: jcjuarez@mail.com

11:26:00 AM: DEBUG [persona_dao.py: 78] 
    Id Persona: 2
    Nombre: Ivonne
    Apellido: Gutierrez
    Email: igutierrez@mail.com

11:26:00 AM: DEBUG [persona_dao.py: 78] 
    Id Persona: 10
    Nombre: Maria
    Apellido: Esparza
    Email: mesparza@mail.com

11:26:00 AM: DEBUG [persona_dao.py: 78] 
    Id Persona: 14
    Nombre: Carlos
    Apellido: Lara
    Email: clara@mail.com

11:26:00 AM: DEBUG [persona_dao.py: 78] 
    Id Persona: 15
    Nombre: Alex
    Apellido: Rojas
    Email: arojas@mail.com

11:27:42 AM: DEBUG [cursor_del_pool.py: 11] Inicio del método with __enter__
11:27:43 AM: DEBUG [conexion.py: 27] Creación del pool exitosa: <psycopg2.pool.SimpleConnectionPool object at 0x0000020C038F4890>
11:27:43 AM: DEBUG [conexion.py: 39] Conexión obtenida del pool: <connection object at 0x0000020C05843780; dsn: 'user=postgres password=xxx dbname=test_db host=127.0.0.1 port=5432', closed: 0>
11:27:43 AM: DEBUG [persona_dao.py: 36] Persona a insertar: 
    Id Persona: None
    Nombre: Alejandra
    Apellido: Tellez
    Email: atellez@mail.com

11:27:43 AM: DEBUG [cursor_del_pool.py: 17] Se ejecuta método __exit__
11:27:43 AM: DEBUG [cursor_del_pool.py: 24] Commit de la transacción
11:27:43 AM: DEBUG [conexion.py: 45] Regresamos la conexión al pool: <connection object at 0x0000020C05843780; dsn: 'user=postgres password=xxx dbname=test_db host=127.0.0.1 port=5432', closed: 0>
11:27:43 AM: DEBUG [persona_dao.py: 63] Personas insertadas: 1
11:27:43 AM: DEBUG [cursor_del_pool.py: 11] Inicio del método with __enter__
11:27:43 AM: DEBUG [conexion.py: 39] Conexión obtenida del pool: <connection object at 0x0000020C05843780; dsn: 'user=postgres password=xxx dbname=test_db host=127.0.0.1 port=5432', closed: 0>
11:27:43 AM: DEBUG [cursor_del_pool.py: 17] Se ejecuta método __exit__
11:27:43 AM: DEBUG [cursor_del_pool.py: 24] Commit de la transacción
11:27:43 AM: DEBUG [conexion.py: 45] Regresamos la conexión al pool: <connection object at 0x0000020C05843780; dsn: 'user=postgres password=xxx dbname=test_db host=127.0.0.1 port=5432', closed: 0>
11:27:43 AM: DEBUG [persona_dao.py: 78] 
    Id Persona: 1
    Nombre: Juan Carlos
    Apellido: Juarez
    Email: jcjuarez@mail.com

11:27:43 AM: DEBUG [persona_dao.py: 78] 
    Id Persona: 2
    Nombre: Ivonne
    Apellido: Gutierrez
    Email: igutierrez@mail.com

11:27:43 AM: DEBUG [persona_dao.py: 78] 
    Id Persona: 10
    Nombre: Maria
    Apellido: Esparza
    Email: mesparza@mail.com

11:27:43 AM: DEBUG [persona_dao.py: 78] 
    Id Persona: 14
    Nombre: Carlos
    Apellido: Lara
    Email: clara@mail.com

11:27:43 AM: DEBUG [persona_dao.py: 78] 
    Id Persona: 15
    Nombre: Alex
    Apellido: Rojas
    Email: arojas@mail.com

11:27:43 AM: DEBUG [persona_dao.py: 78] 
    Id Persona: 17
    Nombre: Alejandra
    Apellido: Tellez
    Email: atellez@mail.com

11:30:49 AM: DEBUG [cursor_del_pool.py: 11] Inicio del método with __enter__
11:30:49 AM: DEBUG [conexion.py: 27] Creación del pool exitosa: <psycopg2.pool.SimpleConnectionPool object at 0x0000013D1E0FBB50>
11:30:49 AM: DEBUG [conexion.py: 39] Conexión obtenida del pool: <connection object at 0x0000013D1F993780; dsn: 'user=postgres password=xxx dbname=test_db host=127.0.0.1 port=5432', closed: 0>
11:30:49 AM: DEBUG [persona_dao.py: 36] Persona a insertar: 
    Id Persona: None
    Nombre: Alejandra
    Apellido: Tellez
    Email: atellez@mail.com

11:30:49 AM: DEBUG [cursor_del_pool.py: 17] Se ejecuta método __exit__
11:30:49 AM: DEBUG [cursor_del_pool.py: 24] Commit de la transacción
11:30:49 AM: DEBUG [conexion.py: 45] Regresamos la conexión al pool: <connection object at 0x0000013D1F993780; dsn: 'user=postgres password=xxx dbname=test_db host=127.0.0.1 port=5432', closed: 0>
11:30:49 AM: DEBUG [persona_dao.py: 63] Personas insertadas: 1
11:30:49 AM: DEBUG [cursor_del_pool.py: 11] Inicio del método with __enter__
11:30:49 AM: DEBUG [conexion.py: 39] Conexión obtenida del pool: <connection object at 0x0000013D1F993780; dsn: 'user=postgres password=xxx dbname=test_db host=127.0.0.1 port=5432', closed: 0>
11:30:49 AM: DEBUG [persona_dao.py: 45] Persona actualizada: 
    Id Persona: 1
    Nombre: Juan
    Apellido: Perez
    Email: jperez@mail.com

11:30:49 AM: DEBUG [cursor_del_pool.py: 17] Se ejecuta método __exit__
11:30:49 AM: DEBUG [cursor_del_pool.py: 24] Commit de la transacción
11:30:49 AM: DEBUG [conexion.py: 45] Regresamos la conexión al pool: <connection object at 0x0000013D1F993780; dsn: 'user=postgres password=xxx dbname=test_db host=127.0.0.1 port=5432', closed: 0>
11:30:49 AM: DEBUG [persona_dao.py: 68] Personas actualizadas: 1
11:30:49 AM: DEBUG [cursor_del_pool.py: 11] Inicio del método with __enter__
11:30:49 AM: DEBUG [conexion.py: 39] Conexión obtenida del pool: <connection object at 0x0000013D1F993780; dsn: 'user=postgres password=xxx dbname=test_db host=127.0.0.1 port=5432', closed: 0>
11:30:49 AM: DEBUG [persona_dao.py: 54] Objeto eliminado: 
    Id Persona: 15
    Nombre: None
    Apellido: None
    Email: None

11:30:49 AM: DEBUG [cursor_del_pool.py: 17] Se ejecuta método __exit__
11:30:49 AM: DEBUG [cursor_del_pool.py: 24] Commit de la transacción
11:30:49 AM: DEBUG [conexion.py: 45] Regresamos la conexión al pool: <connection object at 0x0000013D1F993780; dsn: 'user=postgres password=xxx dbname=test_db host=127.0.0.1 port=5432', closed: 0>
11:30:49 AM: DEBUG [persona_dao.py: 73] Personas eliminadas: 1
11:30:49 AM: DEBUG [cursor_del_pool.py: 11] Inicio del método with __enter__
11:30:49 AM: DEBUG [conexion.py: 39] Conexión obtenida del pool: <connection object at 0x0000013D1F993780; dsn: 'user=postgres password=xxx dbname=test_db host=127.0.0.1 port=5432', closed: 0>
11:30:49 AM: DEBUG [cursor_del_pool.py: 17] Se ejecuta método __exit__
11:30:49 AM: DEBUG [cursor_del_pool.py: 24] Commit de la transacción
11:30:49 AM: DEBUG [conexion.py: 45] Regresamos la conexión al pool: <connection object at 0x0000013D1F993780; dsn: 'user=postgres password=xxx dbname=test_db host=127.0.0.1 port=5432', closed: 0>
11:30:49 AM: DEBUG [persona_dao.py: 78] 
    Id Persona: 1
    Nombre: Juan
    Apellido: Perez
    Email: jperez@mail.com

11:30:49 AM: DEBUG [persona_dao.py: 78] 
    Id Persona: 2
    Nombre: Ivonne
    Apellido: Gutierrez
    Email: igutierrez@mail.com

11:30:49 AM: DEBUG [persona_dao.py: 78] 
    Id Persona: 10
    Nombre: Maria
    Apellido: Esparza
    Email: mesparza@mail.com

11:30:49 AM: DEBUG [persona_dao.py: 78] 
    Id Persona: 14
    Nombre: Carlos
    Apellido: Lara
    Email: clara@mail.com

11:30:49 AM: DEBUG [persona_dao.py: 78] 
    Id Persona: 17
    Nombre: Alejandra
    Apellido: Tellez
    Email: atellez@mail.com

11:30:49 AM: DEBUG [persona_dao.py: 78] 
    Id Persona: 18
    Nombre: Alejandra
    Apellido: Tellez
    Email: atellez@mail.com

10:08:48 AM: DEBUG [cursor_del_pool.py: 11] Inicio del método with __enter__
10:08:48 AM: DEBUG [conexion.py: 27] Creación del pool exitosa: <psycopg2.pool.SimpleConnectionPool object at 0x0000024B33605AD0>
10:08:48 AM: DEBUG [conexion.py: 39] Conexión obtenida del pool: <connection object at 0x0000024B357A3780; dsn: 'user=postgres password=xxx dbname=test_db host=127.0.0.1 port=5432', closed: 0>
10:08:48 AM: DEBUG [persona_dao.py: 36] Persona a insertar: 
    Id Persona: None
    Nombre: Alejandra
    Apellido: Tellez
    Email: atellez@mail.com

10:08:48 AM: DEBUG [cursor_del_pool.py: 17] Se ejecuta método __exit__
10:08:48 AM: DEBUG [cursor_del_pool.py: 24] Commit de la transacción
10:08:48 AM: DEBUG [conexion.py: 45] Regresamos la conexión al pool: <connection object at 0x0000024B357A3780; dsn: 'user=postgres password=xxx dbname=test_db host=127.0.0.1 port=5432', closed: 0>
10:08:48 AM: DEBUG [persona_dao.py: 63] Personas insertadas: 1
10:08:48 AM: DEBUG [cursor_del_pool.py: 11] Inicio del método with __enter__
10:08:48 AM: DEBUG [conexion.py: 39] Conexión obtenida del pool: <connection object at 0x0000024B357A3780; dsn: 'user=postgres password=xxx dbname=test_db host=127.0.0.1 port=5432', closed: 0>
10:08:49 AM: DEBUG [persona_dao.py: 45] Persona actualizada: 
    Id Persona: 1
    Nombre: Juan
    Apellido: Perez
    Email: jperez@mail.com

10:08:49 AM: DEBUG [cursor_del_pool.py: 17] Se ejecuta método __exit__
10:08:49 AM: DEBUG [cursor_del_pool.py: 24] Commit de la transacción
10:08:49 AM: DEBUG [conexion.py: 45] Regresamos la conexión al pool: <connection object at 0x0000024B357A3780; dsn: 'user=postgres password=xxx dbname=test_db host=127.0.0.1 port=5432', closed: 0>
10:08:49 AM: DEBUG [persona_dao.py: 68] Personas actualizadas: 1
10:08:49 AM: DEBUG [cursor_del_pool.py: 11] Inicio del método with __enter__
10:08:49 AM: DEBUG [conexion.py: 39] Conexión obtenida del pool: <connection object at 0x0000024B357A3780; dsn: 'user=postgres password=xxx dbname=test_db host=127.0.0.1 port=5432', closed: 0>
10:08:49 AM: DEBUG [persona_dao.py: 54] Objeto eliminado: 
    Id Persona: 15
    Nombre: None
    Apellido: None
    Email: None

10:08:49 AM: DEBUG [cursor_del_pool.py: 17] Se ejecuta método __exit__
10:08:49 AM: DEBUG [cursor_del_pool.py: 24] Commit de la transacción
10:08:49 AM: DEBUG [conexion.py: 45] Regresamos la conexión al pool: <connection object at 0x0000024B357A3780; dsn: 'user=postgres password=xxx dbname=test_db host=127.0.0.1 port=5432', closed: 0>
10:08:49 AM: DEBUG [persona_dao.py: 73] Personas eliminadas: 0
10:08:49 AM: DEBUG [cursor_del_pool.py: 11] Inicio del método with __enter__
10:08:49 AM: DEBUG [conexion.py: 39] Conexión obtenida del pool: <connection object at 0x0000024B357A3780; dsn: 'user=postgres password=xxx dbname=test_db host=127.0.0.1 port=5432', closed: 0>
10:08:49 AM: DEBUG [cursor_del_pool.py: 17] Se ejecuta método __exit__
10:08:49 AM: DEBUG [cursor_del_pool.py: 24] Commit de la transacción
10:08:49 AM: DEBUG [conexion.py: 45] Regresamos la conexión al pool: <connection object at 0x0000024B357A3780; dsn: 'user=postgres password=xxx dbname=test_db host=127.0.0.1 port=5432', closed: 0>
10:08:49 AM: DEBUG [persona_dao.py: 78] 
    Id Persona: 1
    Nombre: Juan
    Apellido: Perez
    Email: jperez@mail.com

